[debug] [2020-08-29T16:58:19.834Z] ----------------------------------------------------------------------
[debug] [2020-08-29T16:58:19.836Z] Command:       /usr/local/bin/node /usr/local/bin/firebase deploy
[debug] [2020-08-29T16:58:19.836Z] CLI Version:   8.9.2
[debug] [2020-08-29T16:58:19.836Z] Platform:      darwin
[debug] [2020-08-29T16:58:19.836Z] Node Version:  v12.18.3
[debug] [2020-08-29T16:58:19.837Z] Time:          Sat Aug 29 2020 23:58:19 GMT+0700 (GMT+07:00)
[debug] [2020-08-29T16:58:19.837Z] ----------------------------------------------------------------------
[debug] [2020-08-29T16:58:19.837Z] 
[debug] [2020-08-29T16:58:19.844Z] > command requires scopes: ["email","openid","https://www.googleapis.com/auth/cloudplatformprojects.readonly","https://www.googleapis.com/auth/firebase","https://www.googleapis.com/auth/cloud-platform"]
[debug] [2020-08-29T16:58:19.844Z] > authorizing via signed-in user
[debug] [2020-08-29T16:58:19.845Z] [iam] checking project vuegame-8c3a3 for permissions ["firebase.projects.get","firebasehosting.sites.update"]
[debug] [2020-08-29T16:58:19.847Z] >>> HTTP REQUEST POST https://cloudresourcemanager.googleapis.com/v1/projects/vuegame-8c3a3:testIamPermissions  
 {"permissions":["firebase.projects.get","firebasehosting.sites.update"]}
[debug] [2020-08-29T16:58:21.294Z] <<< HTTP RESPONSE 200 {"content-type":"application/json; charset=UTF-8","vary":"X-Origin, Referer, Origin,Accept-Encoding","date":"Sat, 29 Aug 2020 16:58:22 GMT","server":"ESF","cache-control":"private","x-xss-protection":"0","x-frame-options":"SAMEORIGIN","x-content-type-options":"nosniff","server-timing":"gfet4t7; dur=1050","alt-svc":"h3-29=\":443\"; ma=2592000,h3-27=\":443\"; ma=2592000,h3-T051=\":443\"; ma=2592000,h3-T050=\":443\"; ma=2592000,h3-Q050=\":443\"; ma=2592000,h3-Q046=\":443\"; ma=2592000,h3-Q043=\":443\"; ma=2592000,quic=\":443\"; ma=2592000; v=\"46,43\"","accept-ranges":"none","transfer-encoding":"chunked"}
[debug] [2020-08-29T16:58:21.296Z] >>> HTTP REQUEST GET https://firebase.googleapis.com/v1beta1/projects/vuegame-8c3a3  
 
[debug] [2020-08-29T16:58:21.780Z] <<< HTTP RESPONSE 200 {"content-type":"application/json; charset=UTF-8","vary":"X-Origin, Referer, Origin,Accept-Encoding","date":"Sat, 29 Aug 2020 16:58:22 GMT","server":"ESF","cache-control":"private","x-xss-protection":"0","x-frame-options":"SAMEORIGIN","x-content-type-options":"nosniff","alt-svc":"h3-29=\":443\"; ma=2592000,h3-27=\":443\"; ma=2592000,h3-T051=\":443\"; ma=2592000,h3-T050=\":443\"; ma=2592000,h3-Q050=\":443\"; ma=2592000,h3-Q046=\":443\"; ma=2592000,h3-Q043=\":443\"; ma=2592000,quic=\":443\"; ma=2592000; v=\"46,43\"","accept-ranges":"none","transfer-encoding":"chunked"}
[info] 
[info] === Deploying to 'vuegame-8c3a3'...
[info] 
[info] i  deploying hosting 
[debug] [2020-08-29T16:58:21.788Z] >>> HTTP REQUEST POST https://firebasehosting.googleapis.com/v1beta1/sites/vuegame-8c3a3/versions  
 {"config":{},"labels":{"deployment-tool":"cli-firebase"}}
[debug] [2020-08-29T16:58:24.794Z] <<< HTTP RESPONSE 200 {"content-type":"application/json; charset=UTF-8","vary":"X-Origin, Referer, Origin,Accept-Encoding","date":"Sat, 29 Aug 2020 16:58:25 GMT","server":"ESF","cache-control":"private","x-xss-protection":"0","x-frame-options":"SAMEORIGIN","x-content-type-options":"nosniff","alt-svc":"h3-29=\":443\"; ma=2592000,h3-27=\":443\"; ma=2592000,h3-T051=\":443\"; ma=2592000,h3-T050=\":443\"; ma=2592000,h3-Q050=\":443\"; ma=2592000,h3-Q046=\":443\"; ma=2592000,h3-Q043=\":443\"; ma=2592000,quic=\":443\"; ma=2592000; v=\"46,43\"","accept-ranges":"none","transfer-encoding":"chunked"}
[info] i  hosting[vuegame-8c3a3]: beginning deploy... 
[info] i  hosting[vuegame-8c3a3]: found 3 files in public 
[debug] [2020-08-29T16:58:24.801Z] [hosting] hash cache [cHVibGlj] not populated
[debug] [2020-08-29T16:58:24.839Z] [hosting] hash cache [cHVibGlj] stored for 3 files
[debug] [2020-08-29T16:58:24.839Z] [hosting][hash queue][FINAL] {"max":37,"min":11,"avg":20,"active":0,"complete":3,"success":3,"errored":0,"retried":0,"total":3,"elapsed":38}
[debug] [2020-08-29T16:58:24.840Z] >>> HTTP REQUEST POST https://firebasehosting.googleapis.com/v1beta1/sites/vuegame-8c3a3/versions/952c09bf02cbcf66:populateFiles  
 <request body omitted>
[debug] [2020-08-29T16:58:26.346Z] <<< HTTP RESPONSE 200 {"content-type":"application/json; charset=UTF-8","vary":"X-Origin, Referer, Origin,Accept-Encoding","date":"Sat, 29 Aug 2020 16:58:27 GMT","server":"ESF","cache-control":"private","x-xss-protection":"0","x-frame-options":"SAMEORIGIN","x-content-type-options":"nosniff","alt-svc":"h3-29=\":443\"; ma=2592000,h3-27=\":443\"; ma=2592000,h3-T051=\":443\"; ma=2592000,h3-T050=\":443\"; ma=2592000,h3-Q050=\":443\"; ma=2592000,h3-Q046=\":443\"; ma=2592000,h3-Q043=\":443\"; ma=2592000,quic=\":443\"; ma=2592000; v=\"46,43\"","accept-ranges":"none","transfer-encoding":"chunked"}
[debug] [2020-08-29T16:58:26.348Z] [hosting][populate queue][FINAL] {"max":1509,"min":1509,"avg":1509,"active":0,"complete":1,"success":1,"errored":0,"retried":0,"total":1,"elapsed":1510}
[debug] [2020-08-29T16:58:26.348Z] [hosting] uploads queued: 3
